<?xml version="1.0" encoding="UTF-8"?>
<!-- Generated by org.testng.reporters.JUnitReportReporter -->
<testsuite hostname="ritikajain" failures="0" tests="2" name="Runner.TestRunner" time="29.208" errors="0" timestamp="26 Jul 2021 20:10:11 GMT" skipped="0">
  <testcase classname="Runner.TestRunner" name="runScenario" time="13.370"/>
  <testcase classname="Runner.TestRunner" name="runScenario" time="15.838"/>
</testsuite> <!-- Runner.TestRunner -->
