<?xml version="1.0" encoding="UTF-8"?>
<!-- Generated by org.testng.reporters.JUnitReportReporter -->
<testsuite hostname="ritikajain" failures="0" tests="4" name="com.revision.runner.TestRunner" time="70.299" errors="0" timestamp="28 Jul 2021 20:00:32 GMT" skipped="0">
  <testcase classname="com.revision.runner.TestRunner" name="runScenario" time="14.076"/>
  <testcase classname="com.revision.runner.TestRunner" name="runScenario" time="30.073"/>
  <testcase classname="com.revision.runner.TestRunner" name="runScenario" time="9.357"/>
  <testcase classname="com.revision.runner.TestRunner" name="runScenario" time="16.793"/>
</testsuite> <!-- com.revision.runner.TestRunner -->
